0 info it worked if it ends with ok
1 verbose cli [ 'node',
1 verbose cli   '/usr/local/bin/npm',
1 verbose cli   'install',
1 verbose cli   '--save',
1 verbose cli   'express',
1 verbose cli   'ejs',
1 verbose cli   'bcrypt',
1 verbose cli   'body-parser',
1 verbose cli   'method_override',
1 verbose cli   'pg',
1 verbose cli   'sequelize' ]
2 info using npm@1.4.28
3 info using node@v0.10.33
4 warn package.json wine11@1.0.0 No description
5 warn package.json wine11@1.0.0 No README data
6 verbose readDependencies using package.json deps
7 verbose cache add [ 'express', null ]
8 verbose cache add name=undefined spec="express" args=["express",null]
9 verbose parsed url { protocol: null,
9 verbose parsed url   slashes: null,
9 verbose parsed url   auth: null,
9 verbose parsed url   host: null,
9 verbose parsed url   port: null,
9 verbose parsed url   hostname: null,
9 verbose parsed url   hash: null,
9 verbose parsed url   search: null,
9 verbose parsed url   query: null,
9 verbose parsed url   pathname: 'express',
9 verbose parsed url   path: 'express',
9 verbose parsed url   href: 'express' }
10 verbose cache add [ 'ejs', null ]
11 verbose cache add name=undefined spec="ejs" args=["ejs",null]
12 verbose parsed url { protocol: null,
12 verbose parsed url   slashes: null,
12 verbose parsed url   auth: null,
12 verbose parsed url   host: null,
12 verbose parsed url   port: null,
12 verbose parsed url   hostname: null,
12 verbose parsed url   hash: null,
12 verbose parsed url   search: null,
12 verbose parsed url   query: null,
12 verbose parsed url   pathname: 'ejs',
12 verbose parsed url   path: 'ejs',
12 verbose parsed url   href: 'ejs' }
13 verbose cache add [ 'bcrypt', null ]
14 verbose cache add name=undefined spec="bcrypt" args=["bcrypt",null]
15 verbose parsed url { protocol: null,
15 verbose parsed url   slashes: null,
15 verbose parsed url   auth: null,
15 verbose parsed url   host: null,
15 verbose parsed url   port: null,
15 verbose parsed url   hostname: null,
15 verbose parsed url   hash: null,
15 verbose parsed url   search: null,
15 verbose parsed url   query: null,
15 verbose parsed url   pathname: 'bcrypt',
15 verbose parsed url   path: 'bcrypt',
15 verbose parsed url   href: 'bcrypt' }
16 verbose cache add [ 'body-parser', null ]
17 verbose cache add name=undefined spec="body-parser" args=["body-parser",null]
18 verbose parsed url { protocol: null,
18 verbose parsed url   slashes: null,
18 verbose parsed url   auth: null,
18 verbose parsed url   host: null,
18 verbose parsed url   port: null,
18 verbose parsed url   hostname: null,
18 verbose parsed url   hash: null,
18 verbose parsed url   search: null,
18 verbose parsed url   query: null,
18 verbose parsed url   pathname: 'body-parser',
18 verbose parsed url   path: 'body-parser',
18 verbose parsed url   href: 'body-parser' }
19 verbose cache add [ 'method_override', null ]
20 verbose cache add name=undefined spec="method_override" args=["method_override",null]
21 verbose parsed url { protocol: null,
21 verbose parsed url   slashes: null,
21 verbose parsed url   auth: null,
21 verbose parsed url   host: null,
21 verbose parsed url   port: null,
21 verbose parsed url   hostname: null,
21 verbose parsed url   hash: null,
21 verbose parsed url   search: null,
21 verbose parsed url   query: null,
21 verbose parsed url   pathname: 'method_override',
21 verbose parsed url   path: 'method_override',
21 verbose parsed url   href: 'method_override' }
22 verbose cache add [ 'pg', null ]
23 verbose cache add name=undefined spec="pg" args=["pg",null]
24 verbose parsed url { protocol: null,
24 verbose parsed url   slashes: null,
24 verbose parsed url   auth: null,
24 verbose parsed url   host: null,
24 verbose parsed url   port: null,
24 verbose parsed url   hostname: null,
24 verbose parsed url   hash: null,
24 verbose parsed url   search: null,
24 verbose parsed url   query: null,
24 verbose parsed url   pathname: 'pg',
24 verbose parsed url   path: 'pg',
24 verbose parsed url   href: 'pg' }
25 verbose cache add [ 'sequelize', null ]
26 verbose cache add name=undefined spec="sequelize" args=["sequelize",null]
27 verbose parsed url { protocol: null,
27 verbose parsed url   slashes: null,
27 verbose parsed url   auth: null,
27 verbose parsed url   host: null,
27 verbose parsed url   port: null,
27 verbose parsed url   hostname: null,
27 verbose parsed url   hash: null,
27 verbose parsed url   search: null,
27 verbose parsed url   query: null,
27 verbose parsed url   pathname: 'sequelize',
27 verbose parsed url   path: 'sequelize',
27 verbose parsed url   href: 'sequelize' }
28 silly lockFile f3c62de4-express express
29 verbose lock express /Users/amarino_us/.npm/f3c62de4-express.lock
30 silly lockFile 75eeca8f-ejs ejs
31 verbose lock ejs /Users/amarino_us/.npm/75eeca8f-ejs.lock
32 silly lockFile 51684124-bcrypt bcrypt
33 verbose lock bcrypt /Users/amarino_us/.npm/51684124-bcrypt.lock
34 silly lockFile 14cf125c-body-parser body-parser
35 verbose lock body-parser /Users/amarino_us/.npm/14cf125c-body-parser.lock
36 silly lockFile 88ca3e74-method-override method_override
37 verbose lock method_override /Users/amarino_us/.npm/88ca3e74-method-override.lock
38 silly lockFile 96dd8d96-pg pg
39 verbose lock pg /Users/amarino_us/.npm/96dd8d96-pg.lock
40 silly lockFile 35595a70-sequelize sequelize
41 verbose lock sequelize /Users/amarino_us/.npm/35595a70-sequelize.lock
42 silly lockFile 75eeca8f-ejs ejs
43 silly lockFile 75eeca8f-ejs ejs
44 silly lockFile f3c62de4-express express
45 silly lockFile f3c62de4-express express
46 silly lockFile 51684124-bcrypt bcrypt
47 silly lockFile 51684124-bcrypt bcrypt
48 silly lockFile 14cf125c-body-parser body-parser
49 silly lockFile 14cf125c-body-parser body-parser
50 verbose addNamed [ 'ejs', '' ]
51 verbose addNamed [ null, '*' ]
52 silly lockFile bcdf6e5f-ejs ejs@
53 verbose lock ejs@ /Users/amarino_us/.npm/bcdf6e5f-ejs.lock
54 verbose addNamed [ 'express', '' ]
55 verbose addNamed [ null, '*' ]
56 silly lockFile 64a534c1-express express@
57 verbose lock express@ /Users/amarino_us/.npm/64a534c1-express.lock
58 verbose addNamed [ 'bcrypt', '' ]
59 verbose addNamed [ null, '*' ]
60 silly lockFile 1351601c-bcrypt bcrypt@
61 verbose lock bcrypt@ /Users/amarino_us/.npm/1351601c-bcrypt.lock
62 silly lockFile 88ca3e74-method-override method_override
63 silly lockFile 88ca3e74-method-override method_override
64 silly lockFile 96dd8d96-pg pg
65 silly lockFile 96dd8d96-pg pg
66 verbose addNamed [ 'body-parser', '' ]
67 verbose addNamed [ null, '*' ]
68 silly lockFile 9f665704-body-parser body-parser@
69 verbose lock body-parser@ /Users/amarino_us/.npm/9f665704-body-parser.lock
70 silly lockFile 35595a70-sequelize sequelize
71 silly lockFile 35595a70-sequelize sequelize
72 verbose addNamed [ 'method_override', '' ]
73 verbose addNamed [ null, '*' ]
74 silly lockFile 41023a0b-method-override method_override@
75 verbose lock method_override@ /Users/amarino_us/.npm/41023a0b-method-override.lock
76 verbose addNamed [ 'pg', '' ]
77 verbose addNamed [ null, '*' ]
78 silly lockFile 48c85ce3-pg pg@
79 verbose lock pg@ /Users/amarino_us/.npm/48c85ce3-pg.lock
80 silly addNameRange { name: 'ejs', range: '*', hasData: false }
81 silly addNameRange { name: 'bcrypt', range: '*', hasData: false }
82 silly addNameRange { name: 'express', range: '*', hasData: false }
83 verbose addNamed [ 'sequelize', '' ]
84 verbose addNamed [ null, '*' ]
85 silly lockFile 57143dcb-sequelize sequelize@
86 verbose lock sequelize@ /Users/amarino_us/.npm/57143dcb-sequelize.lock
87 silly addNameRange { name: 'body-parser', range: '*', hasData: false }
88 silly addNameRange { name: 'pg', range: '*', hasData: false }
89 silly addNameRange { name: 'method_override', range: '*', hasData: false }
90 silly addNameRange { name: 'sequelize', range: '*', hasData: false }
91 verbose request where is /method_override
92 verbose request registry https://registry.npmjs.org/
93 verbose request id 6a807258a29d0ed1
94 verbose url raw /method_override
95 verbose url resolving [ 'https://registry.npmjs.org/', './method_override' ]
96 verbose url resolved https://registry.npmjs.org/method_override
97 verbose request where is https://registry.npmjs.org/method_override
98 info trying registry request attempt 1 at 10:50:56
99 http GET https://registry.npmjs.org/method_override
100 verbose request where is /ejs
101 verbose request registry https://registry.npmjs.org/
102 verbose url raw /ejs
103 verbose url resolving [ 'https://registry.npmjs.org/', './ejs' ]
104 verbose url resolved https://registry.npmjs.org/ejs
105 verbose request where is https://registry.npmjs.org/ejs
106 info trying registry request attempt 1 at 10:50:56
107 verbose etag "DFS9PA0D97GJNWG4SMGBGXXH0"
108 http GET https://registry.npmjs.org/ejs
109 verbose request where is /bcrypt
110 verbose request registry https://registry.npmjs.org/
111 verbose url raw /bcrypt
112 verbose url resolving [ 'https://registry.npmjs.org/', './bcrypt' ]
113 verbose url resolved https://registry.npmjs.org/bcrypt
114 verbose request where is https://registry.npmjs.org/bcrypt
115 info trying registry request attempt 1 at 10:50:56
116 verbose etag "5GMFQ10D0LP90U9KJI4ZT0QIS"
117 http GET https://registry.npmjs.org/bcrypt
118 verbose request where is /body-parser
119 verbose request registry https://registry.npmjs.org/
120 verbose url raw /body-parser
121 verbose url resolving [ 'https://registry.npmjs.org/', './body-parser' ]
122 verbose url resolved https://registry.npmjs.org/body-parser
123 verbose request where is https://registry.npmjs.org/body-parser
124 info trying registry request attempt 1 at 10:50:56
125 verbose etag "BASHGSRN6U9AB5HODHFLJEHZ5"
126 http GET https://registry.npmjs.org/body-parser
127 verbose request where is /express
128 verbose request registry https://registry.npmjs.org/
129 verbose url raw /express
130 verbose url resolving [ 'https://registry.npmjs.org/', './express' ]
131 verbose url resolved https://registry.npmjs.org/express
132 verbose request where is https://registry.npmjs.org/express
133 info trying registry request attempt 1 at 10:50:56
134 verbose etag "CF9M97LZ18A9T2G9WILXWCAAM"
135 http GET https://registry.npmjs.org/express
136 verbose request where is /pg
137 verbose request registry https://registry.npmjs.org/
138 verbose url raw /pg
139 verbose url resolving [ 'https://registry.npmjs.org/', './pg' ]
140 verbose url resolved https://registry.npmjs.org/pg
141 verbose request where is https://registry.npmjs.org/pg
142 info trying registry request attempt 1 at 10:50:56
143 verbose etag "2O1LI6NVMD1WDM1I4Z78GN9E6"
144 http GET https://registry.npmjs.org/pg
145 verbose request where is /sequelize
146 verbose request registry https://registry.npmjs.org/
147 verbose url raw /sequelize
148 verbose url resolving [ 'https://registry.npmjs.org/', './sequelize' ]
149 verbose url resolved https://registry.npmjs.org/sequelize
150 verbose request where is https://registry.npmjs.org/sequelize
151 info trying registry request attempt 1 at 10:50:56
152 verbose etag "5KACQX6VZH8OKT4WLUSVI7R8F"
153 http GET https://registry.npmjs.org/sequelize
154 http 304 https://registry.npmjs.org/ejs
155 silly registry.get cb [ 304,
155 silly registry.get   { date: 'Mon, 15 Dec 2014 18:50:57 GMT',
155 silly registry.get     server: 'Apache',
155 silly registry.get     via: '1.1 varnish',
155 silly registry.get     'last-modified': 'Mon, 15 Dec 2014 18:50:57 GMT',
155 silly registry.get     'cache-control': 'max-age=60',
155 silly registry.get     etag: '"DFS9PA0D97GJNWG4SMGBGXXH0"',
155 silly registry.get     age: '15',
155 silly registry.get     'x-served-by': 'cache-lax1424-LAX',
155 silly registry.get     'x-cache': 'HIT',
155 silly registry.get     'x-cache-hits': '1',
155 silly registry.get     'x-timer': 'S1418669457.487096,VS0,VE0',
155 silly registry.get     vary: 'Accept',
155 silly registry.get     'content-length': '0',
155 silly registry.get     'keep-alive': 'timeout=10, max=50',
155 silly registry.get     connection: 'Keep-Alive' } ]
156 verbose etag https://registry.npmjs.org/ejs from cache
157 silly addNameRange number 2 { name: 'ejs', range: '*', hasData: true }
158 silly addNameRange versions [ 'ejs',
158 silly addNameRange   [ '0.0.1',
158 silly addNameRange     '0.0.2',
158 silly addNameRange     '0.0.3',
158 silly addNameRange     '0.0.4',
158 silly addNameRange     '0.1.0',
158 silly addNameRange     '0.2.0',
158 silly addNameRange     '0.2.1',
158 silly addNameRange     '0.3.0',
158 silly addNameRange     '0.3.1',
158 silly addNameRange     '0.4.0',
158 silly addNameRange     '0.4.1',
158 silly addNameRange     '0.4.2',
158 silly addNameRange     '0.4.3',
158 silly addNameRange     '0.5.0',
158 silly addNameRange     '0.6.0',
158 silly addNameRange     '0.6.1',
158 silly addNameRange     '0.7.0',
158 silly addNameRange     '0.7.1',
158 silly addNameRange     '0.7.2',
158 silly addNameRange     '0.8.0',
158 silly addNameRange     '0.8.1',
158 silly addNameRange     '0.8.2',
158 silly addNameRange     '0.8.3',
158 silly addNameRange     '0.8.4',
158 silly addNameRange     '0.8.5',
158 silly addNameRange     '0.8.6',
158 silly addNameRange     '0.8.8',
158 silly addNameRange     '1.0.0' ] ]
159 verbose addNamed [ 'ejs', '1.0.0' ]
160 verbose addNamed [ '1.0.0', '1.0.0' ]
161 silly lockFile 3b9d58f7-ejs-1-0-0 ejs@1.0.0
162 verbose lock ejs@1.0.0 /Users/amarino_us/.npm/3b9d58f7-ejs-1-0-0.lock
163 silly lockFile 3b9d58f7-ejs-1-0-0 ejs@1.0.0
164 silly lockFile 3b9d58f7-ejs-1-0-0 ejs@1.0.0
165 silly lockFile bcdf6e5f-ejs ejs@
166 silly lockFile bcdf6e5f-ejs ejs@
167 http 404 https://registry.npmjs.org/method_override
168 verbose headers { date: 'Mon, 15 Dec 2014 18:50:57 GMT',
168 verbose headers   server: 'CouchDB/1.5.0 (Erlang OTP/R16B03)',
168 verbose headers   'content-type': 'application/json',
168 verbose headers   'cache-control': 'max-age=0',
168 verbose headers   'content-length': '52',
168 verbose headers   'accept-ranges': 'bytes',
168 verbose headers   via: '1.1 varnish',
168 verbose headers   age: '0',
168 verbose headers   'x-served-by': 'cache-lax1435-LAX',
168 verbose headers   'x-cache': 'MISS',
168 verbose headers   'x-cache-hits': '0',
168 verbose headers   'x-timer': 'S1418669457.490689,VS0,VE47',
168 verbose headers   'keep-alive': 'timeout=10, max=50',
168 verbose headers   connection: 'Keep-Alive' }
169 silly registry.get cb [ 404,
169 silly registry.get   { date: 'Mon, 15 Dec 2014 18:50:57 GMT',
169 silly registry.get     server: 'CouchDB/1.5.0 (Erlang OTP/R16B03)',
169 silly registry.get     'content-type': 'application/json',
169 silly registry.get     'cache-control': 'max-age=0',
169 silly registry.get     'content-length': '52',
169 silly registry.get     'accept-ranges': 'bytes',
169 silly registry.get     via: '1.1 varnish',
169 silly registry.get     age: '0',
169 silly registry.get     'x-served-by': 'cache-lax1435-LAX',
169 silly registry.get     'x-cache': 'MISS',
169 silly registry.get     'x-cache-hits': '0',
169 silly registry.get     'x-timer': 'S1418669457.490689,VS0,VE47',
169 silly registry.get     'keep-alive': 'timeout=10, max=50',
169 silly registry.get     connection: 'Keep-Alive' } ]
170 silly lockFile 41023a0b-method-override method_override@
171 silly lockFile 41023a0b-method-override method_override@
172 http 200 https://registry.npmjs.org/body-parser
173 silly registry.get cb [ 200,
173 silly registry.get   { date: 'Mon, 15 Dec 2014 18:50:57 GMT',
173 silly registry.get     server: 'CouchDB/1.5.0 (Erlang OTP/R16B03)',
173 silly registry.get     etag: '"27RIPUEDZFKVJDTRG0UX4GE11"',
173 silly registry.get     'content-type': 'application/json',
173 silly registry.get     'cache-control': 'max-age=60',
173 silly registry.get     'content-length': '75765',
173 silly registry.get     'accept-ranges': 'bytes',
173 silly registry.get     via: '1.1 varnish',
173 silly registry.get     age: '39',
173 silly registry.get     'x-served-by': 'cache-lax1421-LAX',
173 silly registry.get     'x-cache': 'HIT',
173 silly registry.get     'x-cache-hits': '1',
173 silly registry.get     'x-timer': 'S1418669457.494733,VS0,VE0',
173 silly registry.get     vary: 'Accept',
173 silly registry.get     'keep-alive': 'timeout=10, max=50',
173 silly registry.get     connection: 'Keep-Alive' } ]
174 silly addNameRange number 2 { name: 'body-parser', range: '*', hasData: true }
175 silly addNameRange versions [ 'body-parser',
175 silly addNameRange   [ '1.0.0',
175 silly addNameRange     '1.0.1',
175 silly addNameRange     '1.0.2',
175 silly addNameRange     '1.1.0',
175 silly addNameRange     '1.1.1',
175 silly addNameRange     '1.1.2',
175 silly addNameRange     '1.2.0',
175 silly addNameRange     '1.2.1',
175 silly addNameRange     '1.2.2',
175 silly addNameRange     '1.3.0',
175 silly addNameRange     '1.3.1',
175 silly addNameRange     '1.4.0',
175 silly addNameRange     '1.4.1',
175 silly addNameRange     '1.4.2',
175 silly addNameRange     '1.4.3',
175 silly addNameRange     '1.5.0',
175 silly addNameRange     '1.5.1',
175 silly addNameRange     '1.5.2',
175 silly addNameRange     '1.6.0',
175 silly addNameRange     '1.6.1',
175 silly addNameRange     '1.6.2',
175 silly addNameRange     '1.6.3',
175 silly addNameRange     '1.6.4',
175 silly addNameRange     '1.6.5',
175 silly addNameRange     '1.6.6',
175 silly addNameRange     '1.6.7',
175 silly addNameRange     '1.7.0',
175 silly addNameRange     '1.8.0',
175 silly addNameRange     '1.8.1',
175 silly addNameRange     '1.8.2',
175 silly addNameRange     '1.8.3',
175 silly addNameRange     '1.8.4',
175 silly addNameRange     '1.9.0',
175 silly addNameRange     '1.9.1',
175 silly addNameRange     '1.9.2',
175 silly addNameRange     '1.9.3',
175 silly addNameRange     '1.10.0' ] ]
176 verbose addNamed [ 'body-parser', '1.10.0' ]
177 verbose addNamed [ '1.10.0', '1.10.0' ]
178 silly lockFile 17c720c0-body-parser-1-10-0 body-parser@1.10.0
179 verbose lock body-parser@1.10.0 /Users/amarino_us/.npm/17c720c0-body-parser-1-10-0.lock
180 silly lockFile 17c720c0-body-parser-1-10-0 body-parser@1.10.0
181 silly lockFile 17c720c0-body-parser-1-10-0 body-parser@1.10.0
182 silly lockFile 9f665704-body-parser body-parser@
183 silly lockFile 9f665704-body-parser body-parser@
184 http 200 https://registry.npmjs.org/pg
185 silly registry.get cb [ 200,
185 silly registry.get   { date: 'Mon, 15 Dec 2014 18:50:57 GMT',
185 silly registry.get     server: 'CouchDB/1.5.0 (Erlang OTP/R16B03)',
185 silly registry.get     etag: '"7UZ3ML7V8PXCOEOU7JMD2QYHA"',
185 silly registry.get     'content-type': 'application/json',
185 silly registry.get     'cache-control': 'max-age=60',
185 silly registry.get     'content-length': '129862',
185 silly registry.get     'accept-ranges': 'bytes',
185 silly registry.get     via: '1.1 varnish',
185 silly registry.get     age: '50',
185 silly registry.get     'x-served-by': 'cache-lax1424-LAX',
185 silly registry.get     'x-cache': 'HIT',
185 silly registry.get     'x-cache-hits': '1',
185 silly registry.get     'x-timer': 'S1418669457.518834,VS0,VE0',
185 silly registry.get     vary: 'Accept',
185 silly registry.get     'keep-alive': 'timeout=10, max=49',
185 silly registry.get     connection: 'Keep-Alive' } ]
186 http 200 https://registry.npmjs.org/bcrypt
187 silly registry.get cb [ 200,
187 silly registry.get   { date: 'Mon, 15 Dec 2014 18:50:57 GMT',
187 silly registry.get     server: 'CouchDB/1.5.0 (Erlang OTP/R16B03)',
187 silly registry.get     etag: '"5CWJH0V974ELEJF8XV51FGLQJ"',
187 silly registry.get     'content-type': 'application/json',
187 silly registry.get     'cache-control': 'max-age=60',
187 silly registry.get     'content-length': '60232',
187 silly registry.get     'accept-ranges': 'bytes',
187 silly registry.get     via: '1.1 varnish',
187 silly registry.get     age: '0',
187 silly registry.get     'x-served-by': 'cache-lax1426-LAX',
187 silly registry.get     'x-cache': 'HIT',
187 silly registry.get     'x-cache-hits': '1',
187 silly registry.get     'x-timer': 'S1418669457.488848,VS0,VE73',
187 silly registry.get     vary: 'Accept',
187 silly registry.get     'keep-alive': 'timeout=10, max=50',
187 silly registry.get     connection: 'Keep-Alive' } ]
188 http 304 https://registry.npmjs.org/sequelize
189 silly registry.get cb [ 304,
189 silly registry.get   { date: 'Mon, 15 Dec 2014 18:50:57 GMT',
189 silly registry.get     server: 'Apache',
189 silly registry.get     via: '1.1 varnish',
189 silly registry.get     'last-modified': 'Mon, 15 Dec 2014 18:50:57 GMT',
189 silly registry.get     'cache-control': 'max-age=60',
189 silly registry.get     etag: '"5KACQX6VZH8OKT4WLUSVI7R8F"',
189 silly registry.get     age: '0',
189 silly registry.get     'x-served-by': 'cache-lax1435-LAX',
189 silly registry.get     'x-cache': 'HIT',
189 silly registry.get     'x-cache-hits': '1',
189 silly registry.get     'x-timer': 'S1418669457.565021,VS0,VE40',
189 silly registry.get     vary: 'Accept',
189 silly registry.get     'content-length': '0',
189 silly registry.get     'keep-alive': 'timeout=10, max=49',
189 silly registry.get     connection: 'Keep-Alive' } ]
190 verbose etag https://registry.npmjs.org/sequelize from cache
191 silly addNameRange number 2 { name: 'pg', range: '*', hasData: true }
192 silly addNameRange versions [ 'pg',
192 silly addNameRange   [ '0.4.1',
192 silly addNameRange     '0.5.0',
192 silly addNameRange     '0.5.1',
192 silly addNameRange     '0.5.2',
192 silly addNameRange     '0.5.3',
192 silly addNameRange     '0.5.4',
192 silly addNameRange     '0.5.5',
192 silly addNameRange     '0.5.6',
192 silly addNameRange     '0.5.7',
192 silly addNameRange     '0.5.8',
192 silly addNameRange     '0.6.0',
192 silly addNameRange     '0.6.1',
192 silly addNameRange     '0.6.2',
192 silly addNameRange     '0.6.3',
192 silly addNameRange     '0.6.4',
192 silly addNameRange     '0.6.5',
192 silly addNameRange     '0.6.6',
192 silly addNameRange     '0.6.7',
192 silly addNameRange     '0.6.8',
192 silly addNameRange     '0.6.9',
192 silly addNameRange     '0.6.10',
192 silly addNameRange     '0.6.11',
192 silly addNameRange     '0.6.12',
192 silly addNameRange     '0.6.13',
192 silly addNameRange     '0.6.14',
192 silly addNameRange     '0.6.15',
192 silly addNameRange     '0.6.16',
192 silly addNameRange     '0.6.17',
192 silly addNameRange     '0.6.18',
192 silly addNameRange     '0.7.0',
192 silly addNameRange     '0.7.1',
192 silly addNameRange     '0.7.2',
192 silly addNameRange     '0.8.0',
192 silly addNameRange     '0.8.1',
192 silly addNameRange     '0.8.2',
192 silly addNameRange     '0.8.3',
192 silly addNameRange     '0.8.4',
192 silly addNameRange     '0.8.6',
192 silly addNameRange     '0.8.7',
192 silly addNameRange     '0.8.8',
192 silly addNameRange     '0.9.0',
192 silly addNameRange     '0.10.0',
192 silly addNameRange     '0.10.2',
192 silly addNameRange     '0.11.1',
192 silly addNameRange     '0.11.2',
192 silly addNameRange     '0.11.3',
192 silly addNameRange     '0.12.0',
192 silly addNameRange     '0.12.1',
192 silly addNameRange     '0.12.3',
192 silly addNameRange     '0.13.0',
192 silly addNameRange     '0.13.1',
192 silly addNameRange     '0.13.3',
192 silly addNameRange     '0.14.0',
192 silly addNameRange     '0.14.1',
192 silly addNameRange     '0.15.0',
192 silly addNameRange     '0.15.1',
192 silly addNameRange     '1.0.0',
192 silly addNameRange     '1.0.1',
192 silly addNameRange     '1.0.2',
192 silly addNameRange     '1.0.3',
192 silly addNameRange     '1.0.4',
192 silly addNameRange     '1.1.0',
192 silly addNameRange     '1.1.1',
192 silly addNameRange     '1.1.2',
192 silly addNameRange     '1.1.3',
192 silly addNameRange     '1.2.0',
192 silly addNameRange     '1.3.0',
192 silly addNameRange     '2.0.0',
192 silly addNameRange     '2.1.0',
192 silly addNameRange     '2.2.0',
192 silly addNameRange     '2.3.0',
192 silly addNameRange     '2.3.1',
192 silly addNameRange     '2.4.0',
192 silly addNameRange     '2.5.0',
192 silly addNameRange     '2.5.1',
192 silly addNameRange     '2.6.0',
192 silly addNameRange     '2.6.1',
192 silly addNameRange     '2.6.2',
192 silly addNameRange     '2.7.0',
192 silly addNameRange     '2.8.0',
192 silly addNameRange     '2.8.1',
192 silly addNameRange     '2.8.2',
192 silly addNameRange     '2.8.3',
192 silly addNameRange     '2.8.4',
192 silly addNameRange     '2.8.5',
192 silly addNameRange     '2.9.0',
192 silly addNameRange     '2.10.0',
192 silly addNameRange     '2.11.0',
192 silly addNameRange     '2.11.1',
192 silly addNameRange     '3.0.2',
192 silly addNameRange     '3.0.3',
192 silly addNameRange     '3.1.0',
192 silly addNameRange     '3.2.0',
192 silly addNameRange     '3.3.0',
192 silly addNameRange     '3.4.0',
192 silly addNameRange     '3.4.1',
192 silly addNameRange     '3.4.2',
192 silly addNameRange     '3.4.3',
192 silly addNameRange     '3.4.4',
192 silly addNameRange     '3.4.5',
192 silly addNameRange     '3.5.0',
192 silly addNameRange     '3.6.0',
192 silly addNameRange     '4.0.0-beta2',
192 silly addNameRange     '3.6.1',
192 silly addNameRange     '3.6.2',
192 silly addNameRange     '3.6.3',
192 silly addNameRange     '4.0.0',
192 silly addNameRange     '4.1.0',
192 silly addNameRange     '4.1.1' ] ]
193 verbose addNamed [ 'pg', '4.1.1' ]
194 verbose addNamed [ '4.1.1', '4.1.1' ]
195 silly lockFile 98ab5e52-pg-4-1-1 pg@4.1.1
196 verbose lock pg@4.1.1 /Users/amarino_us/.npm/98ab5e52-pg-4-1-1.lock
197 silly addNameRange number 2 { name: 'bcrypt', range: '*', hasData: true }
198 silly addNameRange versions [ 'bcrypt',
198 silly addNameRange   [ '0.1.2',
198 silly addNameRange     '0.2.0',
198 silly addNameRange     '0.2.1',
198 silly addNameRange     '0.1.3',
198 silly addNameRange     '0.2.2',
198 silly addNameRange     '0.2.3',
198 silly addNameRange     '0.2.4',
198 silly addNameRange     '0.3.0',
198 silly addNameRange     '0.3.1',
198 silly addNameRange     '0.3.2',
198 silly addNameRange     '0.4.0',
198 silly addNameRange     '0.4.1',
198 silly addNameRange     '0.5.0',
198 silly addNameRange     '0.6.0',
198 silly addNameRange     '0.7.0',
198 silly addNameRange     '0.7.1',
198 silly addNameRange     '0.7.2',
198 silly addNameRange     '0.7.3',
198 silly addNameRange     '0.7.4',
198 silly addNameRange     '0.7.5',
198 silly addNameRange     '0.7.6',
198 silly addNameRange     '0.7.7',
198 silly addNameRange     '0.7.8',
198 silly addNameRange     '0.8.0' ] ]
199 verbose addNamed [ 'bcrypt', '0.8.0' ]
200 verbose addNamed [ '0.8.0', '0.8.0' ]
201 silly lockFile d33dacdf-bcrypt-0-8-0 bcrypt@0.8.0
202 verbose lock bcrypt@0.8.0 /Users/amarino_us/.npm/d33dacdf-bcrypt-0-8-0.lock
203 silly addNameRange number 2 { name: 'sequelize', range: '*', hasData: true }
204 silly addNameRange versions [ 'sequelize',
204 silly addNameRange   [ '0.2.2',
204 silly addNameRange     '0.2.3',
204 silly addNameRange     '0.2.4',
204 silly addNameRange     '0.2.5',
204 silly addNameRange     '0.2.6',
204 silly addNameRange     '0.3.0',
204 silly addNameRange     '0.4.0',
204 silly addNameRange     '0.4.1',
204 silly addNameRange     '0.4.2',
204 silly addNameRange     '0.4.3',
204 silly addNameRange     '1.0.0',
204 silly addNameRange     '1.0.1',
204 silly addNameRange     '1.0.2',
204 silly addNameRange     '1.1.0',
204 silly addNameRange     '1.1.1',
204 silly addNameRange     '1.1.2',
204 silly addNameRange     '1.1.3',
204 silly addNameRange     '1.1.4',
204 silly addNameRange     '1.2.0',
204 silly addNameRange     '1.2.1',
204 silly addNameRange     '1.3.0',
204 silly addNameRange     '1.3.1',
204 silly addNameRange     '1.3.2',
204 silly addNameRange     '1.3.3',
204 silly addNameRange     '1.3.4',
204 silly addNameRange     '1.3.5',
204 silly addNameRange     '1.3.6',
204 silly addNameRange     '1.3.7',
204 silly addNameRange     '1.4.0',
204 silly addNameRange     '1.4.1',
204 silly addNameRange     '1.5.0-alpha',
204 silly addNameRange     '1.5.0-beta',
204 silly addNameRange     '1.5.0-beta-2',
204 silly addNameRange     '1.5.0',
204 silly addNameRange     '1.6.0-alpha-1',
204 silly addNameRange     '1.6.0-alpha-2',
204 silly addNameRange     '1.6.0-alpha-3',
204 silly addNameRange     '1.6.0-beta-1',
204 silly addNameRange     '1.6.0-beta-2',
204 silly addNameRange     '1.6.0-beta-3',
204 silly addNameRange     '1.6.0-beta4',
204 silly addNameRange     '1.6.0',
204 silly addNameRange     '1.7.0-alpha1',
204 silly addNameRange     '1.7.0-alpha2',
204 silly addNameRange     '2.0.0-alpha1',
204 silly addNameRange     '2.0.0-alpha2',
204 silly addNameRange     '1.7.0-alpha3',
204 silly addNameRange     '2.0.0-alpha3',
204 silly addNameRange     '1.7.0-beta.0',
204 silly addNameRange     '2.0.0-beta.0',
204 silly addNameRange     '1.7.0-beta.1',
204 silly addNameRange     '2.0.0-beta.1',
204 silly addNameRange     '1.7.0-beta.2',
204 silly addNameRange     '2.0.0-beta.2',
204 silly addNameRange     '1.7.0-beta.3b',
204 silly addNameRange     '2.0.0-beta.3',
204 silly addNameRange     '1.7.0-beta.4a',
204 silly addNameRange     '2.0.0-beta.4',
204 silly addNameRange     '1.7.0-beta.5',
204 silly addNameRange     '2.0.0-beta.5',
204 silly addNameRange     '1.7.0-beta6',
204 silly addNameRange     '2.0.0-beta.6',
204 silly addNameRange     '1.7.0-beta7',
204 silly addNameRange     '2.0.0-beta.7',
204 silly addNameRange     '2.0.0-beta.8',
204 silly addNameRange     '1.7.0-beta8',
204 silly addNameRange     '1.7.0-rc1',
204 silly addNameRange     '2.0.0-dev1',
204 silly addNameRange     '1.7.0-rc2',
204 silly addNameRange     '2.0.0-dev2',
204 silly addNameRange     '1.7.0-rc3',
204 silly addNameRange     '2.0.0-dev3',
204 silly addNameRange     '1.7.0-rc4',
204 silly addNameRange     '2.0.0-dev4',
204 silly addNameRange     '2.0.0-dev5',
204 silly addNameRange     '1.7.0-rc5',
204 silly addNameRange     '1.7.0-rc6',
204 silly addNameRange     '2.0.0-dev6',
204 silly addNameRange     '2.0.0-dev7',
204 silly addNameRange     '1.7.0-rc7',
204 silly addNameRange     '2.0.0-dev8',
204 silly addNameRange     '1.7.0-rc8',
204 silly addNameRange     '1.7.0-rc9',
204 silly addNameRange     '2.0.0-dev9',
204 silly addNameRange     '2.0.0-dev10',
204 silly addNameRange     '1.7.0',
204 silly addNameRange     '1.7.1',
204 silly addNameRange     '1.7.2',
204 silly addNameRange     '1.7.3',
204 silly addNameRange     '2.0.0-dev11',
204 silly addNameRange     '1.7.4',
204 silly addNameRange     '1.7.5',
204 silly addNameRange     '1.7.7',
204 silly addNameRange     '1.7.8',
204 silly addNameRange     '1.7.9',
204 silly addNameRange     '2.0.0-dev12',
204 silly addNameRange     '1.7.10',
204 silly addNameRange     '2.0.0-dev13',
204 silly addNameRange     '2.0.0-rc1',
204 silly addNameRange     '2.0.0-rc2',
204 silly addNameRange     '2.0.0-rc3' ] ]
205 verbose addNamed [ 'sequelize', '2.0.0-rc3' ]
206 verbose addNamed [ '2.0.0-rc3', '2.0.0-rc3' ]
207 silly lockFile f4b8397e-sequelize-2-0-0-rc3 sequelize@2.0.0-rc3
208 verbose lock sequelize@2.0.0-rc3 /Users/amarino_us/.npm/f4b8397e-sequelize-2-0-0-rc3.lock
209 silly lockFile 4148564f-gistry-npmjs-org-pg-pg-4-1-1-tgz https://registry.npmjs.org/pg/-/pg-4.1.1.tgz
210 verbose lock https://registry.npmjs.org/pg/-/pg-4.1.1.tgz /Users/amarino_us/.npm/4148564f-gistry-npmjs-org-pg-pg-4-1-1-tgz.lock
211 verbose addRemoteTarball [ 'https://registry.npmjs.org/pg/-/pg-4.1.1.tgz',
211 verbose addRemoteTarball   '98480acfcd3cf6a3f9621ca5d4589415582a5732' ]
212 silly lockFile d33dacdf-bcrypt-0-8-0 bcrypt@0.8.0
213 silly lockFile d33dacdf-bcrypt-0-8-0 bcrypt@0.8.0
214 silly lockFile f4b8397e-sequelize-2-0-0-rc3 sequelize@2.0.0-rc3
215 silly lockFile f4b8397e-sequelize-2-0-0-rc3 sequelize@2.0.0-rc3
216 silly lockFile 1351601c-bcrypt bcrypt@
217 silly lockFile 1351601c-bcrypt bcrypt@
218 silly lockFile 57143dcb-sequelize sequelize@
219 silly lockFile 57143dcb-sequelize sequelize@
220 info retry fetch attempt 1 at 10:50:57
221 verbose fetch to= /var/folders/dw/bgf7rfbn4xj7ls_htpm3gffc0000gn/T/npm-98615-G99JHHmp/registry.npmjs.org/pg/-/pg-4.1.1.tgz
222 http GET https://registry.npmjs.org/pg/-/pg-4.1.1.tgz
223 http 200 https://registry.npmjs.org/express
224 silly registry.get cb [ 200,
224 silly registry.get   { date: 'Mon, 15 Dec 2014 18:50:57 GMT',
224 silly registry.get     server: 'CouchDB/1.5.0 (Erlang OTP/R16B03)',
224 silly registry.get     etag: '"CJTV2H86GV34FGPRGYN14DI0U"',
224 silly registry.get     'content-type': 'application/json',
224 silly registry.get     'cache-control': 'max-age=60',
224 silly registry.get     'content-length': '444403',
224 silly registry.get     'accept-ranges': 'bytes',
224 silly registry.get     via: '1.1 varnish',
224 silly registry.get     age: '10',
224 silly registry.get     'x-served-by': 'cache-lax1423-LAX',
224 silly registry.get     'x-cache': 'HIT',
224 silly registry.get     'x-cache-hits': '1',
224 silly registry.get     'x-timer': 'S1418669457.495945,VS0,VE2',
224 silly registry.get     vary: 'Accept',
224 silly registry.get     'keep-alive': 'timeout=10, max=50',
224 silly registry.get     connection: 'Keep-Alive' } ]
225 http 200 https://registry.npmjs.org/pg/-/pg-4.1.1.tgz
226 silly addNameRange number 2 { name: 'express', range: '*', hasData: true }
227 silly addNameRange versions [ 'express',
227 silly addNameRange   [ '0.14.0',
227 silly addNameRange     '0.14.1',
227 silly addNameRange     '1.0.0',
227 silly addNameRange     '1.0.1',
227 silly addNameRange     '1.0.2',
227 silly addNameRange     '1.0.3',
227 silly addNameRange     '1.0.4',
227 silly addNameRange     '1.0.5',
227 silly addNameRange     '1.0.6',
227 silly addNameRange     '1.0.7',
227 silly addNameRange     '1.0.8',
227 silly addNameRange     '2.0.0',
227 silly addNameRange     '2.1.0',
227 silly addNameRange     '2.1.1',
227 silly addNameRange     '2.2.0',
227 silly addNameRange     '2.2.1',
227 silly addNameRange     '2.2.2',
227 silly addNameRange     '2.3.0',
227 silly addNameRange     '2.3.1',
227 silly addNameRange     '2.3.2',
227 silly addNameRange     '2.3.3',
227 silly addNameRange     '2.3.4',
227 silly addNameRange     '2.3.5',
227 silly addNameRange     '2.3.6',
227 silly addNameRange     '2.3.7',
227 silly addNameRange     '2.3.8',
227 silly addNameRange     '2.3.9',
227 silly addNameRange     '2.3.10',
227 silly addNameRange     '2.3.11',
227 silly addNameRange     '2.3.12',
227 silly addNameRange     '2.4.0',
227 silly addNameRange     '2.4.1',
227 silly addNameRange     '2.4.2',
227 silly addNameRange     '2.4.3',
227 silly addNameRange     '2.4.4',
227 silly addNameRange     '2.4.5',
227 silly addNameRange     '2.4.6',
227 silly addNameRange     '2.4.7',
227 silly addNameRange     '2.5.0',
227 silly addNameRange     '2.5.1',
227 silly addNameRange     '2.5.2',
227 silly addNameRange     '2.5.3',
227 silly addNameRange     '2.5.4',
227 silly addNameRange     '2.5.5',
227 silly addNameRange     '2.5.6',
227 silly addNameRange     '2.5.7',
227 silly addNameRange     '2.5.8',
227 silly addNameRange     '2.5.9',
227 silly addNameRange     '2.5.10',
227 silly addNameRange     '2.5.11',
227 silly addNameRange     '3.0.0',
227 silly addNameRange     '3.0.1',
227 silly addNameRange     '3.0.2',
227 silly addNameRange     '3.0.3',
227 silly addNameRange     '3.0.4',
227 silly addNameRange     '3.0.5',
227 silly addNameRange     '3.0.6',
227 silly addNameRange     '3.1.0',
227 silly addNameRange     '3.1.1',
227 silly addNameRange     '3.1.2',
227 silly addNameRange     '3.2.0',
227 silly addNameRange     '3.2.1',
227 silly addNameRange     '3.2.2',
227 silly addNameRange     '3.2.3',
227 silly addNameRange     '3.2.4',
227 silly addNameRange     '3.2.5',
227 silly addNameRange     '3.2.6',
227 silly addNameRange     '3.3.0',
227 silly addNameRange     '3.3.1',
227 silly addNameRange     '3.3.2',
227 silly addNameRange     '3.3.3',
227 silly addNameRange     '3.3.4',
227 silly addNameRange     '3.3.5',
227 silly addNameRange     '3.3.6',
227 silly addNameRange     '1.0.0-beta',
227 silly addNameRange     '1.0.0-beta2',
227 silly addNameRange     '1.0.0-rc',
227 silly addNameRange     '1.0.0-rc2',
227 silly addNameRange     '1.0.0-rc3',
227 silly addNameRange     '1.0.0-rc4',
227 silly addNameRange     '2.0.0-beta',
227 silly addNameRange     '2.0.0-beta2',
227 silly addNameRange     '2.0.0-beta3',
227 silly addNameRange     '2.0.0-rc',
227 silly addNameRange     '2.0.0-rc2',
227 silly addNameRange     '2.0.0-rc3',
227 silly addNameRange     '3.0.0-alpha1',
227 silly addNameRange     '3.0.0-alpha2',
227 silly addNameRange     '3.0.0-alpha3',
227 silly addNameRange     '3.0.0-alpha4',
227 silly addNameRange     '3.0.0-alpha5',
227 silly addNameRange     '3.0.0-beta1',
227 silly addNameRange     '3.0.0-beta2',
227 silly addNameRange     '3.0.0-beta3',
227 silly addNameRange     '3.0.0-beta4',
227 silly addNameRange     '3.0.0-beta6',
227 silly addNameRange     '3.0.0-beta7',
227 silly addNameRange     '3.0.0-rc1',
227 silly addNameRange     '3.0.0-rc2',
227 silly addNameRange     '3.0.0-rc3',
227 silly addNameRange     '3.0.0-rc4',
227 silly addNameRange     '3.0.0-rc5',
227 silly addNameRange     '3.3.7',
227 silly addNameRange     '3.3.8',
227 silly addNameRange     '3.4.0',
227 silly addNameRange     '3.4.1',
227 silly addNameRange     '3.4.2',
227 silly addNameRange     '3.4.3',
227 silly addNameRange     '3.4.4',
227 silly addNameRange     '3.4.5',
227 silly addNameRange     '3.4.6',
227 silly addNameRange     '3.4.7',
227 silly addNameRange     '3.4.8',
227 silly addNameRange     '4.0.0-rc1',
227 silly addNameRange     '4.0.0-rc2',
227 silly addNameRange     '3.5.0',
227 silly addNameRange     '4.0.0-rc3',
227 silly addNameRange     '4.0.0-rc4',
227 silly addNameRange     '3.5.1',
227 silly addNameRange     '4.0.0',
227 silly addNameRange     '3.5.2',
227 silly addNameRange     '4.1.0',
227 silly addNameRange     '4.1.1',
227 silly addNameRange     '3.5.3',
227 silly addNameRange     '4.1.2',
227 silly addNameRange     '3.6.0',
227 silly addNameRange     '4.2.0',
227 silly addNameRange     '3.7.0',
227 silly addNameRange     '3.8.0',
227 silly addNameRange     '4.3.0',
227 silly addNameRange     '4.3.1',
227 silly addNameRange     '3.8.1',
227 silly addNameRange     '4.3.2',
227 silly addNameRange     '3.9.0',
227 silly addNameRange     '4.4.0',
227 silly addNameRange     '4.4.1',
227 silly addNameRange     '3.10.0',
227 silly addNameRange     '3.10.1',
227 silly addNameRange     '3.10.2',
227 silly addNameRange     '3.10.3',
227 silly addNameRange     '3.10.4',
227 silly addNameRange     '4.4.2',
227 silly addNameRange     '3.10.5',
227 silly addNameRange     '4.4.3',
227 silly addNameRange     '3.11.0',
227 silly addNameRange     '4.4.4',
227 silly addNameRange     '3.12.0',
227 silly addNameRange     '3.12.1',
227 silly addNameRange     '4.4.5',
227 silly addNameRange     '3.13.0',
227 silly addNameRange     '4.5.0',
227 silly addNameRange     '4.5.1',
227 silly addNameRange     '3.14.0',
227 silly addNameRange     '4.6.0',
227 silly addNameRange     '4.6.1',
227 silly addNameRange     '3.15.0',
227 silly addNameRange     '4.7.0',
227 silly addNameRange     '3.15.1',
227 silly addNameRange     '4.7.1',
227 silly addNameRange     '3.15.2',
227 silly addNameRange     '4.7.2',
227 silly addNameRange     '4.7.3',
227 silly addNameRange     '3.15.3',
227 silly addNameRange     '4.7.4',
227 silly addNameRange     '3.16.0',
227 silly addNameRange     '4.8.0',
227 silly addNameRange     '3.16.1',
227 silly addNameRange     '4.8.1',
227 silly addNameRange     '3.16.2',
227 silly addNameRange     '4.8.2',
227 silly addNameRange     '3.16.3',
227 silly addNameRange     '3.16.4',
227 silly addNameRange     '4.8.3',
227 silly addNameRange     '3.16.5',
227 silly addNameRange     '3.16.6',
227 silly addNameRange     '4.8.4',
227 silly addNameRange     '3.16.7',
227 silly addNameRange     '4.8.5',
227 silly addNameRange     '3.16.8',
227 silly addNameRange     '4.8.6',
227 silly addNameRange     '3.16.9',
227 silly addNameRange     '4.8.7',
227 silly addNameRange     '3.16.10',
227 silly addNameRange     '4.8.8',
227 silly addNameRange     '3.17.0',
227 silly addNameRange     '3.17.1',
227 silly addNameRange     '4.9.0',
227 silly addNameRange     '3.17.2',
227 silly addNameRange     '4.9.1',
227 silly addNameRange     '4.9.2',
227 silly addNameRange     '3.17.3',
227 silly addNameRange     '4.9.3',
227 silly addNameRange     '3.17.4',
227 silly addNameRange     '4.9.4',
227 silly addNameRange     '3.17.5',
227 silly addNameRange     '4.9.5',
227 silly addNameRange     '3.17.6',
227 silly addNameRange     '3.17.7',
227 silly addNameRange     '4.9.6',
227 silly addNameRange     '4.9.7',
227 silly addNameRange     '3.17.8',
227 silly addNameRange     '4.9.8',
227 silly addNameRange     '3.18.0',
227 silly addNameRange     '3.18.1',
227 silly addNameRange     '4.10.0',
227 silly addNameRange     '3.18.2',
227 silly addNameRange     '4.10.1',
227 silly addNameRange     '5.0.0-alpha.1',
227 silly addNameRange     '3.18.3',
227 silly addNameRange     '4.10.2',
227 silly addNameRange     '3.18.4',
227 silly addNameRange     '4.10.3',
227 silly addNameRange     '4.10.4',
227 silly addNameRange     '4.10.5',
227 silly addNameRange     '3.18.5',
227 silly addNameRange     '3.18.6',
227 silly addNameRange     '4.10.6' ] ]
228 verbose addNamed [ 'express', '4.10.6' ]
229 verbose addNamed [ '4.10.6', '4.10.6' ]
230 silly lockFile e8f8e85c-express-4-10-6 express@4.10.6
231 verbose lock express@4.10.6 /Users/amarino_us/.npm/e8f8e85c-express-4-10-6.lock
232 silly lockFile 51a1356c-s-org-express-express-4-10-6-tgz https://registry.npmjs.org/express/-/express-4.10.6.tgz
233 verbose lock https://registry.npmjs.org/express/-/express-4.10.6.tgz /Users/amarino_us/.npm/51a1356c-s-org-express-express-4-10-6-tgz.lock
234 verbose addRemoteTarball [ 'https://registry.npmjs.org/express/-/express-4.10.6.tgz',
234 verbose addRemoteTarball   'a9015979ccf38b11a39c0f726dcf6c4b85a4e758' ]
235 info retry fetch attempt 1 at 10:50:57
236 verbose fetch to= /var/folders/dw/bgf7rfbn4xj7ls_htpm3gffc0000gn/T/npm-98615-G99JHHmp/registry.npmjs.org/express/-/express-4.10.6.tgz
237 http GET https://registry.npmjs.org/express/-/express-4.10.6.tgz
238 silly lockFile 4148564f-gistry-npmjs-org-pg-pg-4-1-1-tgz https://registry.npmjs.org/pg/-/pg-4.1.1.tgz
239 silly lockFile 4148564f-gistry-npmjs-org-pg-pg-4-1-1-tgz https://registry.npmjs.org/pg/-/pg-4.1.1.tgz
240 silly lockFile 98ab5e52-pg-4-1-1 pg@4.1.1
241 silly lockFile 98ab5e52-pg-4-1-1 pg@4.1.1
242 silly lockFile 48c85ce3-pg pg@
243 silly lockFile 48c85ce3-pg pg@
244 http 200 https://registry.npmjs.org/express/-/express-4.10.6.tgz
245 silly lockFile 51a1356c-s-org-express-express-4-10-6-tgz https://registry.npmjs.org/express/-/express-4.10.6.tgz
246 silly lockFile 51a1356c-s-org-express-express-4-10-6-tgz https://registry.npmjs.org/express/-/express-4.10.6.tgz
247 silly lockFile e8f8e85c-express-4-10-6 express@4.10.6
248 silly lockFile e8f8e85c-express-4-10-6 express@4.10.6
249 silly lockFile 64a534c1-express express@
250 silly lockFile 64a534c1-express express@
251 error 404 404 Not Found: method_override
251 error 404
251 error 404 'method_override' is not in the npm registry.
251 error 404 You should bug the author to publish it
251 error 404 It was specified as a dependency of 'wine11'
251 error 404
251 error 404 Note that you can also install from a
251 error 404 tarball, folder, or http url, or git url.
252 error System Darwin 14.0.0
253 error command "node" "/usr/local/bin/npm" "install" "--save" "express" "ejs" "bcrypt" "body-parser" "method_override" "pg" "sequelize"
254 error cwd /Users/amarino_us/GA_Projects/wine11
255 error node -v v0.10.33
256 error npm -v 1.4.28
257 error code E404
258 verbose exit [ 1, true ]
